TN:
SF:C:\Users\Brycen\Desktop\RPG\src\rpg.js
FN:1,Game
FN:6,(anonymous_1)
FN:11,(anonymous_2)
FN:38,Character
FN:52,(anonymous_4)
FN:60,(anonymous_5)
FN:65,(anonymous_6)
FN:71,(anonymous_7)
FN:77,(anonymous_8)
FN:84,(anonymous_9)
FNF:10
FNH:10
FNDA:3,Game
FNDA:2,(anonymous_1)
FNDA:2,(anonymous_2)
FNDA:14,Character
FNDA:1,(anonymous_4)
FNDA:1,(anonymous_5)
FNDA:2,(anonymous_6)
FNDA:2,(anonymous_7)
FNDA:1,(anonymous_8)
FNDA:1,(anonymous_9)
DA:2,3
DA:3,3
DA:6,1
DA:7,2
DA:11,1
DA:12,2
DA:13,2
DA:39,14
DA:40,14
DA:41,14
DA:42,14
DA:43,14
DA:44,14
DA:45,14
DA:46,14
DA:47,14
DA:48,14
DA:49,14
DA:52,1
DA:53,1
DA:55,1
DA:60,1
DA:61,1
DA:62,1
DA:65,1
DA:66,2
DA:67,2
DA:68,2
DA:71,1
DA:72,2
DA:73,2
DA:74,2
DA:77,1
DA:78,1
DA:79,1
DA:80,1
DA:81,1
DA:84,1
DA:85,1
DA:86,1
LF:40
LH:40
BRF:0
BRH:0
end_of_record
